# JRE version: Java(TM) SE Runtime Environment (24.0.1+9) (build 24.0.1+9-30)
# Java VM: Java HotSpot(TM) 64-Bit Server VM (24.0.1+9-30, mixed mode, sharing, tiered, compressed oops, compressed class ptrs, g1 gc, windows-amd64)
GC Precious Log:
 CardTable entry size: 512
 Card Set container configuration: InlinePtr #cards 4 size 8 Array Of Cards #cards 16 size 48 Howl #buckets 8 coarsen threshold 3686 Howl Bitmap #cards 512 size 80 coarsen threshold 460 Card regions per heap region 1 cards per card region 4096
 CPUs: 12 total, 12 available
 Memory: 16275M
 Large Page Support: Disabled
 NUMA Support: Disabled
 Compressed Oops: Enabled (Zero based)
 Heap Region Size: 2M
 Heap Min Capacity: 8M
 Heap Initial Capacity: 256M
 Heap Max Capacity: 4070M
 Pre-touch: Disabled
 Parallel Workers: 10
 Concurrent Workers: 3
 Concurrent Refinement Workers: 10
 Periodic GC: Disabled
Heap:
 garbage-first heap   total reserved 4167680K, committed 724992K, used 452736K [0x0000000701a00000, 0x0000000800000000)
  region size 2048K, 24 young (49152K), 2 survivors (4096K)
 Metaspace       used 207147K, committed 209664K, reserved 1245184K
  class space    used 30909K, committed 32000K, reserved 1048576K
GC Heap History (20 events):
Event: 875.708 GC heap before
{Heap before GC invocations=91 (full 0):
 garbage-first heap   total reserved 4167680K, committed 724992K, used 680298K [0x0000000701a00000, 0x0000000800000000)
  region size 2048K, 133 young (272384K), 2 survivors (4096K)
 Metaspace       used 206919K, committed 209408K, reserved 1245184K
  class space    used 30905K, committed 32000K, reserved 1048576K
}
Event: 875.711 GC heap after
{Heap after GC invocations=92 (full 0):
 garbage-first heap   total reserved 4167680K, committed 724992K, used 412588K [0x0000000701a00000, 0x0000000800000000)
  region size 2048K, 2 young (4096K), 2 survivors (4096K)
 Metaspace       used 206919K, committed 209408K, reserved 1245184K
  class space    used 30905K, committed 32000K, reserved 1048576K
}
Event: 915.210 GC heap before
{Heap before GC invocations=93 (full 0):
 garbage-first heap   total reserved 4167680K, committed 724992K, used 678828K [0x0000000701a00000, 0x0000000800000000)
  region size 2048K, 132 young (270336K), 2 survivors (4096K)
 Metaspace       used 206933K, committed 209408K, reserved 1245184K
  class space    used 30905K, committed 32000K, reserved 1048576K
}
Event: 915.212 GC heap after
{Heap after GC invocations=94 (full 0):
 garbage-first heap   total reserved 4167680K, committed 724992K, used 412707K [0x0000000701a00000, 0x0000000800000000)
  region size 2048K, 2 young (4096K), 2 survivors (4096K)
 Metaspace       used 206933K, committed 209408K, reserved 1245184K
  class space    used 30905K, committed 32000K, reserved 1048576K
}
Event: 953.408 GC heap before
{Heap before GC invocations=94 (full 0):
 garbage-first heap   total reserved 4167680K, committed 724992K, used 678947K [0x0000000701a00000, 0x0000000800000000)
  region size 2048K, 132 young (270336K), 2 survivors (4096K)
 Metaspace       used 206997K, committed 209472K, reserved 1245184K
  class space    used 30909K, committed 32000K, reserved 1048576K
}
Event: 953.417 GC heap after
{Heap after GC invocations=95 (full 0):
 garbage-first heap   total reserved 4167680K, committed 724992K, used 411074K [0x0000000701a00000, 0x0000000800000000)
  region size 2048K, 2 young (4096K), 2 survivors (4096K)
 Metaspace       used 206997K, committed 209472K, reserved 1245184K
  class space    used 30909K, committed 32000K, reserved 1048576K
}
Event: 992.473 GC heap before
{Heap before GC invocations=95 (full 0):
 garbage-first heap   total reserved 4167680K, committed 724992K, used 679362K [0x0000000701a00000, 0x0000000800000000)
  region size 2048K, 133 young (272384K), 2 survivors (4096K)
 Metaspace       used 207010K, committed 209472K, reserved 1245184K
  class space    used 30909K, committed 32000K, reserved 1048576K
}
Event: 992.476 GC heap after
{Heap after GC invocations=96 (full 0):
 garbage-first heap   total reserved 4167680K, committed 724992K, used 411783K [0x0000000701a00000, 0x0000000800000000)
  region size 2048K, 2 young (4096K), 2 survivors (4096K)
 Metaspace       used 207010K, committed 209472K, reserved 1245184K
  class space    used 30909K, committed 32000K, reserved 1048576K
}
Event: 1033.384 GC heap before
{Heap before GC invocations=97 (full 0):
 garbage-first heap   total reserved 4167680K, committed 724992K, used 680071K [0x0000000701a00000, 0x0000000800000000)
  region size 2048K, 133 young (272384K), 2 survivors (4096K)
 Metaspace       used 207028K, committed 209472K, reserved 1245184K
  class space    used 30909K, committed 32000K, reserved 1048576K
}
Event: 1033.386 GC heap after
{Heap after GC invocations=98 (full 0):
 garbage-first heap   total reserved 4167680K, committed 724992K, used 411902K [0x0000000701a00000, 0x0000000800000000)
  region size 2048K, 2 young (4096K), 2 survivors (4096K)
 Metaspace       used 207028K, committed 209472K, reserved 1245184K
  class space    used 30909K, committed 32000K, reserved 1048576K
}
Event: 1072.664 GC heap before
{Heap before GC invocations=98 (full 0):
 garbage-first heap   total reserved 4167680K, committed 724992K, used 680190K [0x0000000701a00000, 0x0000000800000000)
  region size 2048K, 133 young (272384K), 2 survivors (4096K)
 Metaspace       used 207061K, committed 209536K, reserved 1245184K
  class space    used 30909K, committed 32000K, reserved 1048576K
}
Event: 1072.676 GC heap after
{Heap after GC invocations=99 (full 0):
 garbage-first heap   total reserved 4167680K, committed 724992K, used 409884K [0x0000000701a00000, 0x0000000800000000)
  region size 2048K, 2 young (4096K), 2 survivors (4096K)
 Metaspace       used 207061K, committed 209536K, reserved 1245184K
  class space    used 30909K, committed 32000K, reserved 1048576K
}
Event: 1112.314 GC heap before
{Heap before GC invocations=99 (full 0):
 garbage-first heap   total reserved 4167680K, committed 724992K, used 680220K [0x0000000701a00000, 0x0000000800000000)
  region size 2048K, 134 young (274432K), 2 survivors (4096K)
 Metaspace       used 207096K, committed 209536K, reserved 1245184K
  class space    used 30909K, committed 32000K, reserved 1048576K
}
Event: 1112.317 GC heap after
{Heap after GC invocations=100 (full 0):
 garbage-first heap   total reserved 4167680K, committed 724992K, used 411052K [0x0000000701a00000, 0x0000000800000000)
  region size 2048K, 2 young (4096K), 2 survivors (4096K)
 Metaspace       used 207096K, committed 209536K, reserved 1245184K
  class space    used 30909K, committed 32000K, reserved 1048576K
}
Event: 1150.258 GC heap before
{Heap before GC invocations=101 (full 0):
 garbage-first heap   total reserved 4167680K, committed 724992K, used 679340K [0x0000000701a00000, 0x0000000800000000)
  region size 2048K, 133 young (272384K), 2 survivors (4096K)
 Metaspace       used 207107K, committed 209600K, reserved 1245184K
  class space    used 30909K, committed 32000K, reserved 1048576K
}
Event: 1150.261 GC heap after
{Heap after GC invocations=102 (full 0):
 garbage-first heap   total reserved 4167680K, committed 724992K, used 410919K [0x0000000701a00000, 0x0000000800000000)
  region size 2048K, 2 young (4096K), 2 survivors (4096K)
 Metaspace       used 207107K, committed 209600K, reserved 1245184K
  class space    used 30909K, committed 32000K, reserved 1048576K
}
Event: 1188.484 GC heap before
{Heap before GC invocations=102 (full 0):
 garbage-first heap   total reserved 4167680K, committed 724992K, used 679207K [0x0000000701a00000, 0x0000000800000000)
  region size 2048K, 133 young (272384K), 2 survivors (4096K)
 Metaspace       used 207114K, committed 209600K, reserved 1245184K
  class space    used 30909K, committed 32000K, reserved 1048576K
}
Event: 1188.492 GC heap after
{Heap after GC invocations=103 (full 0):
 garbage-first heap   total reserved 4167680K, committed 724992K, used 409267K [0x0000000701a00000, 0x0000000800000000)
  region size 2048K, 2 young (4096K), 2 survivors (4096K)
 Metaspace       used 207114K, committed 209600K, reserved 1245184K
  class space    used 30909K, committed 32000K, reserved 1048576K
}
Event: 1226.760 GC heap before
{Heap before GC invocations=103 (full 0):
 garbage-first heap   total reserved 4167680K, committed 724992K, used 679603K [0x0000000701a00000, 0x0000000800000000)
  region size 2048K, 134 young (274432K), 2 survivors (4096K)
 Metaspace       used 207145K, committed 209664K, reserved 1245184K
  class space    used 30909K, committed 32000K, reserved 1048576K
}
Event: 1226.762 GC heap after
{Heap after GC invocations=104 (full 0):
 garbage-first heap   total reserved 4167680K, committed 724992K, used 409728K [0x0000000701a00000, 0x0000000800000000)
  region size 2048K, 2 young (4096K), 2 survivors (4096K)
 Metaspace       used 207145K, committed 209664K, reserved 1245184K
  class space    used 30909K, committed 32000K, reserved 1048576K
}

